<?xml version="1.0" encoding="UTF-8"?>
<testng-results skipped="0" failed="0" total="1" passed="1">
  <reporter-output>
  </reporter-output>
  <suite name="Default suite" duration-ms="55775" started-at="2019-06-04T10:24:20Z" finished-at="2019-06-04T10:25:15Z">
    <groups>
    </groups>
    <test name="Default test" duration-ms="55775" started-at="2019-06-04T10:24:20Z" finished-at="2019-06-04T10:25:15Z">
      <class name="TestIntegration.NewTest">
        <test-method status="PASS" signature="testGoogleTitle()[pri:0, instance:TestIntegration.NewTest@2aafb23c]" name="testGoogleTitle" duration-ms="55698" started-at="2019-06-04T15:54:20Z" finished-at="2019-06-04T15:55:15Z">
          <reporter-output>
          </reporter-output>
        </test-method> <!-- testGoogleTitle -->
      </class> <!-- TestIntegration.NewTest -->
    </test> <!-- Default test -->
  </suite> <!-- Default suite -->
</testng-results>
